#
# A fatal error has been detected by the Java Runtime Environment:
#
#  EXCEPTION_ACCESS_VIOLATION (0xc0000005) at pc=0x0000000180005b00, pid=7144, tid=5468
#
# JRE version: Java(TM) SE Runtime Environment (10.0.1+10) (build 10.0.1+10)
# Java VM: Java HotSpot(TM) 64-Bit Server VM (10.0.1+10, mixed mode, tiered, compressed oops, g1 gc, windows-amd64)
# Problematic frame:
# C  [rxtxSerial.dll+0x5b00]
#
# No core dump will be written. Minidumps are not enabled by default on client versions of Windows
#
# If you would like to submit a bug report, please visit:
#   http://bugreport.java.com/bugreport/crash.jsp
# The crash happened outside the Java Virtual Machine in native code.
# See problematic frame for where to report the bug.
#

---------------  S U M M A R Y ------------

Command Line: -javaagent:C:\Program Files\JetBrains\IntelliJ IDEA Community Edition 2018.1.4\lib\idea_rt.jar=56505:C:\Program Files\JetBrains\IntelliJ IDEA Community Edition 2018.1.4\bin -Dfile.encoding=UTF-8 Monitoreo

Host: Intel(R) Core(TM) i5-3337U CPU @ 1.80GHz, 4 cores, 3G,  Windows 8.1 , 64 bit Build 9600 (6.3.9600.17415)
Time: Thu Dec 27 15:16:18 2018 Hora estándar de Argentina elapsed time: 3 seconds (0d 0h 0m 3s)

---------------  T H R E A D  ---------------

Current thread (0x000000dac9add000):  JavaThread "Thread-3" [_thread_in_native, id=5468, stack(0x000000dacc9a0000,0x000000daccaa0000)]

Stack: [0x000000dacc9a0000,0x000000daccaa0000],  sp=0x000000dacca9ed20,  free space=1019k
Native frames: (J=compiled Java code, j=interpreted, Vv=VM code, C=native code)
C  [rxtxSerial.dll+0x5b00]

Java frames: (J=compiled Java code, j=interpreted, Vv=VM code)
j  gnu.io.RXTXPort.readByte()I+0
j  gnu.io.RXTXPort$SerialInputStream.read()I+81
j  Monitoreo$LeerDatos.run()V+4
j  java.lang.Thread.run()V+11 java.base@10.0.1
v  ~StubRoutines::call_stub

siginfo: EXCEPTION_ACCESS_VIOLATION (0xc0000005), reading address 0xffffffffcc99eaf8


Register to memory mapping:

RIP=0x0000000180005b00 rxtxSerial.dll
RAX=0x0000000000000001 is an unknown value
RBX=0x0000000000000000 is an unknown value
RCX=0x000000018001d4d5 rxtxSerial.dll
RDX=0xfffffffffffff665 is an unknown value
RSP=0x000000dacca9ed20 is pointing into the stack for thread: 0x000000dac9add000
RBP=
[error occurred during error reporting (printing register info), id 0xc0000005]

Registers:
RAX=0x0000000000000001, RBX=0x0000000000000000, RCX=0x000000018001d4d5, RDX=0xfffffffffffff665
RSP=0x000000dacca9ed20, RBP=0x00000000ffffffff, RSI=0x0000000000000000, RDI=0x000000dac9add270
R8 =0x0000000000000002, R9 =0xfffffffffffff63c, R10=0x0000000000000070, R11=0x8101010101010100
R12=0xffffffffcc99eaf0, R13=0x0000000000000001, R14=0x000000dacca9eec8, R15=0x0000000000000000
RIP=0x0000000180005b00, EFLAGS=0x0000000000010202

Top of Stack: (sp=0x000000dacca9ed20)
0x000000dacca9ed20:   0000000000000000 0000000000000000
0x000000dacca9ed30:   000000dacca9eec8 0000000000000000
0x000000dacca9ed40:   000000dac9add000 000000dacca9eec8
0x000000dacca9ed50:   000000dacc340fe8 000000dacca9eec8
0x000000dacca9ed60:   ffffffffffffffff 0000000000000001
0x000000dacca9ed70:   000000dac9ce0a68 0000000180005f3f
0x000000dacca9ed80:   000000dac9add270 000000dac9add270
0x000000dacca9ed90:   000000da00000001 000000dacca9edb0
0x000000dacca9eda0:   000000da00000001 000000daffffffff
0x000000dacca9edb0:   000000dacca9f2d8 000000dacca9eec8
0x000000dacca9edc0:   000000dac9add000 00000000669248b7
0x000000dacca9edd0:   000000dac9add000 000000dac9add000
0x000000dacca9ede0:   000000dacc340ff0 000000dac9add000
0x000000dacca9edf0:   000000dac830b310 000000dab387f0e0
0x000000dacca9ee00:   00009edfdc6ab8ae 000000dacc340ff0
0x000000dacca9ee10:   0000000000000000 000000dac830b310 

Instructions: (pc=0x0000000180005b00)
0x0000000180005ae0:   15 23 7a 01 00 48 8d 48 60 e8 3a 5d 00 00 4c 8b
0x0000000180005af0:   e5 8b ac 24 88 00 00 00 44 8b ac 24 80 00 00 00
0x0000000180005b00:   45 8b 74 24 08 41 89 5c 24 08 41 8b fd 85 ed 78
0x0000000180005b10:   09 ff 15 e9 14 01 00 44 8b f8 45 85 ed 7e 4a 90 



---------------  P R O C E S S  ---------------

Threads class SMR info:
_java_thread_list=0x000000dac9d1b730, length=19, elements={
0x000000daa84bb800, 0x000000dac8c0c000, 0x000000dac8c17000, 0x000000dac8bfc800,
0x000000dac8c06800, 0x000000dac8c5a800, 0x000000dac8cb0800, 0x000000dac8cb8800,
0x000000dac8ccd800, 0x000000dac9a08000, 0x000000dac99d1000, 0x000000dac99d4000,
0x000000dac9bc7800, 0x000000dac9c05800, 0x000000dac9c0a000, 0x000000dac9ce3800,
0x000000dac9cdf800, 0x000000dac9d19000, 0x000000dac9add000
}

Java Threads: ( => current thread )
  0x000000daa84bb800 JavaThread "main" [_thread_blocked, id=6392, stack(0x000000daa83b0000,0x000000daa84b0000)]
  0x000000dac8c0c000 JavaThread "Reference Handler" daemon [_thread_blocked, id=3376, stack(0x000000dac8dd0000,0x000000dac8ed0000)]
  0x000000dac8c17000 JavaThread "Finalizer" daemon [_thread_blocked, id=7028, stack(0x000000dac8ed0000,0x000000dac8fd0000)]
  0x000000dac8bfc800 JavaThread "Signal Dispatcher" daemon [_thread_blocked, id=3164, stack(0x000000dac90e0000,0x000000dac91e0000)]
  0x000000dac8c06800 JavaThread "Attach Listener" daemon [_thread_blocked, id=3432, stack(0x000000dac91e0000,0x000000dac92e0000)]
  0x000000dac8c5a800 JavaThread "C2 CompilerThread0" daemon [_thread_blocked, id=5952, stack(0x000000dac92e0000,0x000000dac93e0000)]
  0x000000dac8cb0800 JavaThread "C2 CompilerThread1" daemon [_thread_blocked, id=408, stack(0x000000dac93e0000,0x000000dac94e0000)]
  0x000000dac8cb8800 JavaThread "C1 CompilerThread2" daemon [_thread_blocked, id=6468, stack(0x000000dac94e0000,0x000000dac95e0000)]
  0x000000dac8ccd800 JavaThread "Sweeper thread" daemon [_thread_blocked, id=2704, stack(0x000000dac95e0000,0x000000dac96e0000)]
  0x000000dac9a08000 JavaThread "Common-Cleaner" daemon [_thread_blocked, id=1072, stack(0x000000daca2e0000,0x000000daca3e0000)]
  0x000000dac99d1000 JavaThread "Monitor Ctrl-Break" daemon [_thread_in_native, id=7464, stack(0x000000daca3f0000,0x000000daca4f0000)]
  0x000000dac99d4000 JavaThread "Service Thread" daemon [_thread_blocked, id=4304, stack(0x000000daca4f0000,0x000000daca5f0000)]
  0x000000dac9bc7800 JavaThread "QuantumRenderer-0" daemon [_thread_blocked, id=6876, stack(0x000000daca6f0000,0x000000daca7f0000)]
  0x000000dac9c05800 JavaThread "InvokeLaterDispatcher" daemon [_thread_blocked, id=776, stack(0x000000dacaac0000,0x000000dacabc0000)]
  0x000000dac9c0a000 JavaThread "JavaFX Application Thread" [_thread_in_Java, id=5424, stack(0x000000dacabc0000,0x000000dacacc0000)]
  0x000000dac9ce3800 JavaThread "Thread-1" daemon [_thread_in_native, id=5604, stack(0x000000dacc550000,0x000000dacc650000)]
  0x000000dac9cdf800 JavaThread "JavaFX-Launcher" [_thread_blocked, id=5768, stack(0x000000dacc650000,0x000000dacc750000)]
  0x000000dac9d19000 JavaThread "Thread-4" [_thread_in_native, id=7768, stack(0x000000dacc8a0000,0x000000dacc9a0000)]
=>0x000000dac9add000 JavaThread "Thread-3" [_thread_in_native, id=5468, stack(0x000000dacc9a0000,0x000000daccaa0000)]

Other Threads:
  0x000000dac8bf8000 VMThread "VM Thread" [stack: 0x000000dac8cd0000,0x000000dac8dd0000] [id=6432]
  0x000000dac9a84800 WatcherThread [stack: 0x000000daca5f0000,0x000000daca6f0000] [id=6672]
  0x000000daa84d4000 GCTaskThread "GC Thread#0" [stack: 0x000000dac2a60000,0x000000dac2b60000] [id=7384]
  0x000000daa84d5800 GCTaskThread "GC Thread#1" [stack: 0x000000dac2b60000,0x000000dac2c60000] [id=444]
  0x000000daa84d8000 GCTaskThread "GC Thread#2" [stack: 0x000000dac2c60000,0x000000dac2d60000] [id=6696]
  0x000000daa84db000 GCTaskThread "GC Thread#3" [stack: 0x000000dac2d60000,0x000000dac2e60000] [id=3660]
  0x000000daa6b7a000 ConcurrentGCThread "G1 Main Marker" [stack: 0x000000dac5790000,0x000000dac5890000] [id=5616]
  0x000000daa6b7b000 ConcurrentGCThread "G1 Conc#0" [stack: 0x000000dac5890000,0x000000dac5990000] [id=8184]
  0x000000daa854c000 ConcurrentGCThread "G1 Refine#0" [stack: 0x000000dac7dd0000,0x000000dac7ed0000] [id=596]
  0x000000daa854d000 ConcurrentGCThread "G1 Refine#1" [stack: 0x000000dac7ed0000,0x000000dac7fd0000] [id=5292]
  0x000000daa854e800 ConcurrentGCThread "G1 Refine#2" [stack: 0x000000dac7fd0000,0x000000dac80d0000] [id=3796]
  0x000000daa8551000 ConcurrentGCThread "G1 Refine#3" [stack: 0x000000dac80d0000,0x000000dac81d0000] [id=1576]
  0x000000daa8559000 ConcurrentGCThread "G1 Young RemSet Sampling" [stack: 0x000000dac81d0000,0x000000dac82d0000] [id=4440]

Threads with active compile tasks:

VM state:not at safepoint (normal execution)

VM Mutex/Monitor currently owned by a thread: None

Heap address: 0x00000000c2800000, size: 984 MB, Compressed Oops mode: 32-bit
Narrow klass base: 0x0000000000000000, Narrow klass shift: 3
Compressed class space size: 1073741824 Address: 0x0000000100000000

Heap:
 garbage-first heap   total 63488K, used 9216K [0x00000000c2800000, 0x0000000100000000)
  region size 1024K, 10 young (10240K), 0 survivors (0K)
 Metaspace       used 11948K, capacity 12261K, committed 12416K, reserved 1060864K
  class space    used 1256K, capacity 1367K, committed 1408K, reserved 1048576K
Heap Regions: E=young(eden), S=young(survivor), O=old, HS=humongous(starts), HC=humongous(continues), CS=collection set, F=free, A=archive, TS=gc time stamp, AC=allocation context, TAMS=top-at-mark-start (previous, next)
|   0|0x00000000c2800000, 0x00000000c2800000, 0x00000000c2900000|  0%| F|  |TS  0|AC  0|TAMS 0x00000000c2800000, 0x00000000c2800000|
|   1|0x00000000c2900000, 0x00000000c2900000, 0x00000000c2a00000|  0%| F|  |TS  0|AC  0|TAMS 0x00000000c2900000, 0x00000000c2900000|
|   2|0x00000000c2a00000, 0x00000000c2a00000, 0x00000000c2b00000|  0%| F|  |TS  0|AC  0|TAMS 0x00000000c2a00000, 0x00000000c2a00000|
|   3|0x00000000c2b00000, 0x00000000c2b00000, 0x00000000c2c00000|  0%| F|  |TS  0|AC  0|TAMS 0x00000000c2b00000, 0x00000000c2b00000|
|   4|0x00000000c2c00000, 0x00000000c2c00000, 0x00000000c2d00000|  0%| F|  |TS  0|AC  0|TAMS 0x00000000c2c00000, 0x00000000c2c00000|
|   5|0x00000000c2d00000, 0x00000000c2d00000, 0x00000000c2e00000|  0%| F|  |TS  0|AC  0|TAMS 0x00000000c2d00000, 0x00000000c2d00000|
|   6|0x00000000c2e00000, 0x00000000c2e00000, 0x00000000c2f00000|  0%| F|  |TS  0|AC  0|TAMS 0x00000000c2e00000, 0x00000000c2e00000|
|   7|0x00000000c2f00000, 0x00000000c2f00000, 0x00000000c3000000|  0%| F|  |TS  0|AC  0|TAMS 0x00000000c2f00000, 0x00000000c2f00000|
|   8|0x00000000c3000000, 0x00000000c3000000, 0x00000000c3100000|  0%| F|  |TS  0|AC  0|TAMS 0x00000000c3000000, 0x00000000c3000000|
|   9|0x00000000c3100000, 0x00000000c3100000, 0x00000000c3200000|  0%| F|  |TS  0|AC  0|TAMS 0x00000000c3100000, 0x00000000c3100000|
|  10|0x00000000c3200000, 0x00000000c3200000, 0x00000000c3300000|  0%| F|  |TS  0|AC  0|TAMS 0x00000000c3200000, 0x00000000c3200000|
|  11|0x00000000c3300000, 0x00000000c3300000, 0x00000000c3400000|  0%| F|  |TS  0|AC  0|TAMS 0x00000000c3300000, 0x00000000c3300000|
|  12|0x00000000c3400000, 0x00000000c3400000, 0x00000000c3500000|  0%| F|  |TS  0|AC  0|TAMS 0x00000000c3400000, 0x00000000c3400000|
|  13|0x00000000c3500000, 0x00000000c3500000, 0x00000000c3600000|  0%| F|  |TS  0|AC  0|TAMS 0x00000000c3500000, 0x00000000c3500000|
|  14|0x00000000c3600000, 0x00000000c3600000, 0x00000000c3700000|  0%| F|  |TS  0|AC  0|TAMS 0x00000000c3600000, 0x00000000c3600000|
|  15|0x00000000c3700000, 0x00000000c3700000, 0x00000000c3800000|  0%| F|  |TS  0|AC  0|TAMS 0x00000000c3700000, 0x00000000c3700000|
|  16|0x00000000c3800000, 0x00000000c3800000, 0x00000000c3900000|  0%| F|  |TS  0|AC  0|TAMS 0x00000000c3800000, 0x00000000c3800000|
|  17|0x00000000c3900000, 0x00000000c3900000, 0x00000000c3a00000|  0%| F|  |TS  0|AC  0|TAMS 0x00000000c3900000, 0x00000000c3900000|
|  18|0x00000000c3a00000, 0x00000000c3a00000, 0x00000000c3b00000|  0%| F|  |TS  0|AC  0|TAMS 0x00000000c3a00000, 0x00000000c3a00000|
|  19|0x00000000c3b00000, 0x00000000c3b00000, 0x00000000c3c00000|  0%| F|  |TS  0|AC  0|TAMS 0x00000000c3b00000, 0x00000000c3b00000|
|  20|0x00000000c3c00000, 0x00000000c3c00000, 0x00000000c3d00000|  0%| F|  |TS  0|AC  0|TAMS 0x00000000c3c00000, 0x00000000c3c00000|
|  21|0x00000000c3d00000, 0x00000000c3d00000, 0x00000000c3e00000|  0%| F|  |TS  0|AC  0|TAMS 0x00000000c3d00000, 0x00000000c3d00000|
|  22|0x00000000c3e00000, 0x00000000c3e00000, 0x00000000c3f00000|  0%| F|  |TS  0|AC  0|TAMS 0x00000000c3e00000, 0x00000000c3e00000|
|  23|0x00000000c3f00000, 0x00000000c3f00000, 0x00000000c4000000|  0%| F|  |TS  0|AC  0|TAMS 0x00000000c3f00000, 0x00000000c3f00000|
|  24|0x00000000c4000000, 0x00000000c4000000, 0x00000000c4100000|  0%| F|  |TS  0|AC  0|TAMS 0x00000000c4000000, 0x00000000c4000000|
|  25|0x00000000c4100000, 0x00000000c4100000, 0x00000000c4200000|  0%| F|  |TS  0|AC  0|TAMS 0x00000000c4100000, 0x00000000c4100000|
|  26|0x00000000c4200000, 0x00000000c4200000, 0x00000000c4300000|  0%| F|  |TS  0|AC  0|TAMS 0x00000000c4200000, 0x00000000c4200000|
|  27|0x00000000c4300000, 0x00000000c4300000, 0x00000000c4400000|  0%| F|  |TS  0|AC  0|TAMS 0x00000000c4300000, 0x00000000c4300000|
|  28|0x00000000c4400000, 0x00000000c4400000, 0x00000000c4500000|  0%| F|  |TS  0|AC  0|TAMS 0x00000000c4400000, 0x00000000c4400000|
|  29|0x00000000c4500000, 0x00000000c4500000, 0x00000000c4600000|  0%| F|  |TS  0|AC  0|TAMS 0x00000000c4500000, 0x00000000c4500000|
|  30|0x00000000c4600000, 0x00000000c4600000, 0x00000000c4700000|  0%| F|  |TS  0|AC  0|TAMS 0x00000000c4600000, 0x00000000c4600000|
|  31|0x00000000c4700000, 0x00000000c4700000, 0x00000000c4800000|  0%| F|  |TS  0|AC  0|TAMS 0x00000000c4700000, 0x00000000c4700000|
|  32|0x00000000c4800000, 0x00000000c4800000, 0x00000000c4900000|  0%| F|  |TS  0|AC  0|TAMS 0x00000000c4800000, 0x00000000c4800000|
|  33|0x00000000c4900000, 0x00000000c4900000, 0x00000000c4a00000|  0%| F|  |TS  0|AC  0|TAMS 0x00000000c4900000, 0x00000000c4900000|
|  34|0x00000000c4a00000, 0x00000000c4a00000, 0x00000000c4b00000|  0%| F|  |TS  0|AC  0|TAMS 0x00000000c4a00000, 0x00000000c4a00000|
|  35|0x00000000c4b00000, 0x00000000c4b00000, 0x00000000c4c00000|  0%| F|  |TS  0|AC  0|TAMS 0x00000000c4b00000, 0x00000000c4b00000|
|  36|0x00000000c4c00000, 0x00000000c4c00000, 0x00000000c4d00000|  0%| F|  |TS  0|AC  0|TAMS 0x00000000c4c00000, 0x00000000c4c00000|
|  37|0x00000000c4d00000, 0x00000000c4d00000, 0x00000000c4e00000|  0%| F|  |TS  0|AC  0|TAMS 0x00000000c4d00000, 0x00000000c4d00000|
|  38|0x00000000c4e00000, 0x00000000c4e00000, 0x00000000c4f00000|  0%| F|  |TS  0|AC  0|TAMS 0x00000000c4e00000, 0x00000000c4e00000|
|  39|0x00000000c4f00000, 0x00000000c4f00000, 0x00000000c5000000|  0%| F|  |TS  0|AC  0|TAMS 0x00000000c4f00000, 0x00000000c4f00000|
|  40|0x00000000c5000000, 0x00000000c5000000, 0x00000000c5100000|  0%| F|  |TS  0|AC  0|TAMS 0x00000000c5000000, 0x00000000c5000000|
|  41|0x00000000c5100000, 0x00000000c5100000, 0x00000000c5200000|  0%| F|  |TS  0|AC  0|TAMS 0x00000000c5100000, 0x00000000c5100000|
|  42|0x00000000c5200000, 0x00000000c5200000, 0x00000000c5300000|  0%| F|  |TS  0|AC  0|TAMS 0x00000000c5200000, 0x00000000c5200000|
|  43|0x00000000c5300000, 0x00000000c5300000, 0x00000000c5400000|  0%| F|  |TS  0|AC  0|TAMS 0x00000000c5300000, 0x00000000c5300000|
|  44|0x00000000c5400000, 0x00000000c5400000, 0x00000000c5500000|  0%| F|  |TS  0|AC  0|TAMS 0x00000000c5400000, 0x00000000c5400000|
|  45|0x00000000c5500000, 0x00000000c5500000, 0x00000000c5600000|  0%| F|  |TS  0|AC  0|TAMS 0x00000000c5500000, 0x00000000c5500000|
|  46|0x00000000c5600000, 0x00000000c5600000, 0x00000000c5700000|  0%| F|  |TS  0|AC  0|TAMS 0x00000000c5600000, 0x00000000c5600000|
|  47|0x00000000c5700000, 0x00000000c5700000, 0x00000000c5800000|  0%| F|  |TS  0|AC  0|TAMS 0x00000000c5700000, 0x00000000c5700000|
|  48|0x00000000c5800000, 0x00000000c5800000, 0x00000000c5900000|  0%| F|  |TS  0|AC  0|TAMS 0x00000000c5800000, 0x00000000c5800000|
|  49|0x00000000c5900000, 0x00000000c5900000, 0x00000000c5a00000|  0%| F|  |TS  0|AC  0|TAMS 0x00000000c5900000, 0x00000000c5900000|
|  50|0x00000000c5a00000, 0x00000000c5a00000, 0x00000000c5b00000|  0%| F|  |TS  0|AC  0|TAMS 0x00000000c5a00000, 0x00000000c5a00000|
|  51|0x00000000c5b00000, 0x00000000c5b482f8, 0x00000000c5c00000| 28%| E|  |TS  0|AC  0|TAMS 0x00000000c5b00000, 0x00000000c5b00000|
|  52|0x00000000c5c00000, 0x00000000c5d00000, 0x00000000c5d00000|100%| E|CS|TS  0|AC  0|TAMS 0x00000000c5c00000, 0x00000000c5c00000|
|  53|0x00000000c5d00000, 0x00000000c5e00000, 0x00000000c5e00000|100%| E|CS|TS  0|AC  0|TAMS 0x00000000c5d00000, 0x00000000c5d00000|
|  54|0x00000000c5e00000, 0x00000000c5f00000, 0x00000000c5f00000|100%| E|CS|TS  0|AC  0|TAMS 0x00000000c5e00000, 0x00000000c5e00000|
|  55|0x00000000c5f00000, 0x00000000c6000000, 0x00000000c6000000|100%| E|CS|TS  0|AC  0|TAMS 0x00000000c5f00000, 0x00000000c5f00000|
|  56|0x00000000c6000000, 0x00000000c6100000, 0x00000000c6100000|100%| E|CS|TS  0|AC  0|TAMS 0x00000000c6000000, 0x00000000c6000000|
|  57|0x00000000c6100000, 0x00000000c6200000, 0x00000000c6200000|100%| E|CS|TS  0|AC  0|TAMS 0x00000000c6100000, 0x00000000c6100000|
|  58|0x00000000c6200000, 0x00000000c6300000, 0x00000000c6300000|100%| E|CS|TS  0|AC  0|TAMS 0x00000000c6200000, 0x00000000c6200000|
|  59|0x00000000c6300000, 0x00000000c6400000, 0x00000000c6400000|100%| E|CS|TS  0|AC  0|TAMS 0x00000000c6300000, 0x00000000c6300000|
|  60|0x00000000c6400000, 0x00000000c6500000, 0x00000000c6500000|100%| E|CS|TS  0|AC  0|TAMS 0x00000000c6400000, 0x00000000c6400000|
|  61|0x00000000c6500000, 0x00000000c6600000, 0x00000000c6600000|100%| E|CS|TS  0|AC  0|TAMS 0x00000000c6500000, 0x00000000c6500000|

Card table byte_map: [0x000000dac34a0000,0x000000dac3690000] byte_map_base: 0x000000dac2e8c000

Marking Bits (Prev, Next): (CMBitMap*) 0x000000daa8514040, (CMBitMap*) 0x000000daa8514078
 Prev Bits: [0x000000dac3880000, 0x000000dac47e0000)
 Next Bits: [0x000000dac47e0000, 0x000000dac5740000)

Polling page: 0x000000daa8390000

CodeHeap 'non-profiled nmethods': size=120064Kb used=279Kb max_used=279Kb free=119784Kb
 bounds [0x000000dabb330000, 0x000000dabb5a0000, 0x000000dac2870000]
CodeHeap 'profiled nmethods': size=120000Kb used=1400Kb max_used=1400Kb free=118599Kb
 bounds [0x000000dab3e00000, 0x000000dab4070000, 0x000000dabb330000]
CodeHeap 'non-nmethods': size=5696Kb used=1169Kb max_used=1180Kb free=4526Kb
 bounds [0x000000dab3870000, 0x000000dab3ae0000, 0x000000dab3e00000]
 total_blobs=1544 nmethods=847 adapters=430
 compilation: enabled

Compilation events (10 events):
Event: 3.331 Thread 0x000000dac8cb8800  755       3       java.io.File::isInvalid (47 bytes)
Event: 3.333 Thread 0x000000dac8cb8800 nmethod 755 0x000000dab3f26c90 code [0x000000dab3f26ea0, 0x000000dab3f27400]
Event: 3.334 Thread 0x000000dac8cb8800  756       3       java.lang.ref.WeakReference::<init> (7 bytes)
Event: 3.334 Thread 0x000000dac8cb8800 nmethod 756 0x000000dab3f27590 code [0x000000dab3f27760, 0x000000dab3f27a98]
Event: 3.339 Thread 0x000000dac8cb8800  758       3       java.lang.String::getChars (54 bytes)
Event: 3.340 Thread 0x000000dac8cb8800 nmethod 758 0x000000dab3f27b90 code [0x000000dab3f27da0, 0x000000dab3f282c0]
Event: 3.419 Thread 0x000000dac8c5a800  759       4       java.lang.invoke.MemberName::isInvocable (7 bytes)
Event: 3.420 Thread 0x000000dac8c5a800 nmethod 759 0x000000dabb36f590 code [0x000000dabb36f720, 0x000000dabb36f798]
Event: 3.430 Thread 0x000000dac8cb8800  760       3       java.lang.ClassLoader::compareCerts (201 bytes)
Event: 3.432 Thread 0x000000dac8cb8800 nmethod 760 0x000000dab3f28510 code [0x000000dab3f28740, 0x000000dab3f29000]

GC Heap History (0 events):
No events

Deoptimization events (8 events):
Event: 0.644 Thread 0x000000daa84bb800 Uncommon trap: reason=unstable_if action=reinterpret pc=0x000000dabb339fb4 method=java.util.HashMap.putVal(ILjava/lang/Object;Ljava/lang/Object;ZZ)Ljava/lang/Object; @ 69 c2
Event: 0.662 Thread 0x000000daa84bb800 Uncommon trap: reason=unstable_if action=reinterpret pc=0x000000dabb33a7fc method=java.util.AbstractCollection.isEmpty()Z @ 4 c2
Event: 0.707 Thread 0x000000daa84bb800 Uncommon trap: reason=unstable_if action=reinterpret pc=0x000000dabb33cdd8 method=java.util.HashMap.putVal(ILjava/lang/Object;Ljava/lang/Object;ZZ)Ljava/lang/Object; @ 69 c2
Event: 0.752 Thread 0x000000daa84bb800 Uncommon trap: reason=unstable_if action=reinterpret pc=0x000000dabb3336e8 method=java.lang.String.hashCode()I @ 14 c2
Event: 0.817 Thread 0x000000daa84bb800 Uncommon trap: reason=unstable_if action=reinterpret pc=0x000000dabb335d78 method=java.lang.String.isLatin1()Z @ 10 c2
Event: 2.641 Thread 0x000000daa84bb800 Uncommon trap: reason=unstable_if action=reinterpret pc=0x000000dabb36561c method=jdk.internal.org.objectweb.asm.Type.getArgumentsAndReturnSizes(Ljava/lang/String;)I @ 88 c2
Event: 2.672 Thread 0x000000dac9c0a000 Uncommon trap: reason=unstable_if action=reinterpret pc=0x000000dabb353a94 method=java.lang.StringLatin1.indexOf([BI[BII)I @ 27 c2
Event: 2.675 Thread 0x000000dac9c0a000 Uncommon trap: reason=unstable_if action=reinterpret pc=0x000000dabb34787c method=java.nio.Buffer.hasRemaining()Z @ 8 c2

Classes redefined (0 events):
No events

Internal exceptions (10 events):
Event: 2.441 Thread 0x000000daa84bb800 Exception <a 'java/lang/NoSuchMethodError'{0x00000000c5f0cd40}: method resolution failed> (0x00000000c5f0cd40) thrown at [t:/workspace/open/src/hotspot/share/prims/methodHandles.cpp, line 1226]
Event: 2.444 Thread 0x000000daa84bb800 Exception <a 'java/lang/NoSuchMethodError'{0x00000000c5f12f68}: method resolution failed> (0x00000000c5f12f68) thrown at [t:/workspace/open/src/hotspot/share/prims/methodHandles.cpp, line 1226]
Event: 2.590 Thread 0x000000dac9c0a000 Exception <a 'java/lang/NoSuchMethodError'{0x00000000c5f6bcb0}: java.lang.invoke.DirectMethodHandle$Holder.invokeStaticInit(Ljava/lang/Object;)V> (0x00000000c5f6bcb0) thrown at [t:/workspace/open/src/hotspot/share/interpreter/linkResolver.cpp, line 741]
Event: 2.597 Thread 0x000000daa84bb800 Exception <a 'java/lang/NoSuchMethodError'{0x00000000c5f19760}: method resolution failed> (0x00000000c5f19760) thrown at [t:/workspace/open/src/hotspot/share/prims/methodHandles.cpp, line 1226]
Event: 2.640 Thread 0x000000daa84bb800 Exception <a 'java/lang/NoSuchMethodError'{0x00000000c5f2e8c0}: method resolution failed> (0x00000000c5f2e8c0) thrown at [t:/workspace/open/src/hotspot/share/prims/methodHandles.cpp, line 1226]
Event: 2.653 Thread 0x000000dac9cdf800 Exception <a 'java/lang/NoSuchMethodError'{0x00000000c5d00e10}: method resolution failed> (0x00000000c5d00e10) thrown at [t:/workspace/open/src/hotspot/share/prims/methodHandles.cpp, line 1226]
Event: 2.944 Thread 0x000000dac9c0a000 Exception <a 'java/io/FileNotFoundException'{0x00000000c5d6deb8}> (0x00000000c5d6deb8) thrown at [t:/workspace/open/src/hotspot/share/prims/jni.cpp, line 611]
Event: 3.120 Thread 0x000000dac9c0a000 Exception <a 'java/io/FileNotFoundException'{0x00000000c5d7faf0}> (0x00000000c5d7faf0) thrown at [t:/workspace/open/src/hotspot/share/prims/jni.cpp, line 611]
Event: 3.156 Thread 0x000000dac9c0a000 Exception <a 'java/io/FileNotFoundException'{0x00000000c5d909f0}> (0x00000000c5d909f0) thrown at [t:/workspace/open/src/hotspot/share/prims/jni.cpp, line 611]
Event: 3.303 Thread 0x000000dac9c0a000 Exception <a 'java/io/FileNotFoundException'{0x00000000c5da2108}> (0x00000000c5da2108) thrown at [t:/workspace/open/src/hotspot/share/prims/jni.cpp, line 611]

Events (10 events):
Event: 3.329 loading class gnu/io/RXTXPort$SerialInputStream
Event: 3.329 loading class gnu/io/RXTXPort$SerialInputStream done
Event: 3.331 loading class gnu/io/Zystem
Event: 3.331 loading class gnu/io/Zystem done
Event: 3.333 loading class gnu/io/UnSupportedLoggerException
Event: 3.333 loading class gnu/io/UnSupportedLoggerException done
Event: 3.387 loading class gnu/io/RXTXPort$MonitorThread
Event: 3.387 loading class gnu/io/RXTXPort$MonitorThread done
Event: 3.389 Thread 0x000000dac9d19000 Thread added: 0x000000dac9d19000
Event: 3.416 Thread 0x000000dac9add000 Thread added: 0x000000dac9add000


Dynamic libraries:
0x00007ff7a7630000 - 0x00007ff7a766e000 	C:\Program Files\Java\jdk-10.0.1\bin\java.exe
0x00007ffc9e170000 - 0x00007ffc9e31d000 	C:\Windows\SYSTEM32\ntdll.dll
0x00007ffc9c2a0000 - 0x00007ffc9c3de000 	C:\Windows\system32\KERNEL32.DLL
0x00007ffc95100000 - 0x00007ffc95114000 	C:\Program Files (x86)\AVG\Antivirus\x64\aswhooka.dll
0x00007ffc9b630000 - 0x00007ffc9b746000 	C:\Windows\system32\KERNELBASE.dll
0x00007ffc9ba10000 - 0x00007ffc9baba000 	C:\Windows\system32\ADVAPI32.dll
0x00007ffc9dce0000 - 0x00007ffc9de57000 	C:\Windows\system32\USER32.dll
0x00007ffc99200000 - 0x00007ffc9947b000 	C:\Windows\WinSxS\amd64_microsoft.windows.common-controls_6595b64144ccf1df_6.0.9600.18006_none_623f33d3ecbe86e8\COMCTL32.dll
0x00007ffc94cb0000 - 0x00007ffc94cba000 	C:\Windows\SYSTEM32\VERSION.dll
0x00007ffc9daf0000 - 0x00007ffc9db9a000 	C:\Windows\system32\msvcrt.dll
0x00007ffc9dfc0000 - 0x00007ffc9e019000 	C:\Windows\SYSTEM32\sechost.dll
0x00007ffc9c080000 - 0x00007ffc9c1c0000 	C:\Windows\system32\RPCRT4.dll
0x00007ffc9e020000 - 0x00007ffc9e16c000 	C:\Windows\system32\GDI32.dll
0x00007ffc9b600000 - 0x00007ffc9b62e000 	C:\Windows\system32\SspiCli.dll
0x00007ffc9bb90000 - 0x00007ffc9bbc6000 	C:\Windows\system32\IMM32.DLL
0x00007ffc9de60000 - 0x00007ffc9dfb1000 	C:\Windows\system32\MSCTF.dll
0x00007ffc81230000 - 0x00007ffc8131f000 	C:\Program Files\Java\jdk-10.0.1\bin\msvcr120.dll
0x00007ffc91d90000 - 0x00007ffc91e36000 	C:\Program Files\Java\jdk-10.0.1\bin\msvcp120.dll
0x00000000667b0000 - 0x0000000067220000 	C:\Program Files\Java\jdk-10.0.1\bin\server\jvm.dll
0x00007ffc92490000 - 0x00007ffc92499000 	C:\Windows\SYSTEM32\WSOCK32.dll
0x00007ffc92460000 - 0x00007ffc92482000 	C:\Windows\SYSTEM32\WINMM.dll
0x00007ffc9dcd0000 - 0x00007ffc9dcd7000 	C:\Windows\system32\PSAPI.DLL
0x00007ffc9c240000 - 0x00007ffc9c29a000 	C:\Windows\system32\WS2_32.dll
0x00007ffc91eb0000 - 0x00007ffc91eda000 	C:\Windows\SYSTEM32\WINMMBASE.dll
0x00007ffc9c3e0000 - 0x00007ffc9c3e9000 	C:\Windows\system32\NSI.dll
0x00007ffc9b370000 - 0x00007ffc9b3bf000 	C:\Windows\SYSTEM32\cfgmgr32.dll
0x00007ffc9a0b0000 - 0x00007ffc9a0d8000 	C:\Windows\SYSTEM32\DEVOBJ.dll
0x00007ffc94ee0000 - 0x00007ffc94eef000 	C:\Program Files\Java\jdk-10.0.1\bin\verify.dll
0x00007ffc96470000 - 0x00007ffc965f9000 	C:\Windows\SYSTEM32\DBGHELP.DLL
0x00007ffc92890000 - 0x00007ffc928b7000 	C:\Program Files\Java\jdk-10.0.1\bin\java.dll
0x00007ffc90c10000 - 0x00007ffc90c3a000 	C:\Program Files\Java\jdk-10.0.1\bin\instrument.dll
0x00007ffc92730000 - 0x00007ffc92746000 	C:\Program Files\Java\jdk-10.0.1\bin\zip.dll
0x00007ffc928f0000 - 0x00007ffc928fa000 	C:\Program Files\Java\jdk-10.0.1\bin\jimage.dll
0x00007ffc9c5c0000 - 0x00007ffc9daeb000 	C:\Windows\system32\SHELL32.dll
0x00007ffc9b800000 - 0x00007ffc9ba10000 	C:\Windows\SYSTEM32\combase.dll
0x00007ffc9c1c0000 - 0x00007ffc9c214000 	C:\Windows\system32\SHLWAPI.dll
0x00007ffc99af0000 - 0x00007ffc99ba2000 	C:\Windows\SYSTEM32\SHCORE.dll
0x00007ffc9b2a0000 - 0x00007ffc9b2b5000 	C:\Windows\SYSTEM32\profapi.dll
0x00007ffc91d10000 - 0x00007ffc91d2a000 	C:\Program Files\Java\jdk-10.0.1\bin\net.dll
0x00007ffc93830000 - 0x00007ffc938f7000 	C:\Windows\SYSTEM32\WINHTTP.dll
0x00007ffc9aad0000 - 0x00007ffc9ab29000 	C:\Windows\system32\mswsock.dll
0x00007ffc90ad0000 - 0x00007ffc90ae1000 	C:\Program Files\Java\jdk-10.0.1\bin\nio.dll
0x00007ffc8f710000 - 0x00007ffc8f72a000 	C:\Program Files\JetBrains\IntelliJ IDEA Community Edition 2018.1.4\bin\breakgen64.dll
0x00007ffc91e60000 - 0x00007ffc91e63000 	C:\Program Files\Java\jdk-10.0.1\bin\api-ms-win-core-console-l1-1-0.dll
0x00007ffc90750000 - 0x00007ffc90753000 	C:\Program Files\Java\jdk-10.0.1\bin\api-ms-win-core-datetime-l1-1-0.dll
0x00007ffc86120000 - 0x00007ffc86123000 	C:\Program Files\Java\jdk-10.0.1\bin\api-ms-win-core-debug-l1-1-0.dll
0x00007ffc854b0000 - 0x00007ffc854b3000 	C:\Program Files\Java\jdk-10.0.1\bin\api-ms-win-core-errorhandling-l1-1-0.dll
0x00007ffc81c40000 - 0x00007ffc81c44000 	C:\Program Files\Java\jdk-10.0.1\bin\api-ms-win-core-file-l1-1-0.dll
0x00007ffc81c30000 - 0x00007ffc81c33000 	C:\Program Files\Java\jdk-10.0.1\bin\api-ms-win-core-file-l1-2-0.dll
0x00007ffc81c20000 - 0x00007ffc81c23000 	C:\Program Files\Java\jdk-10.0.1\bin\api-ms-win-core-file-l2-1-0.dll
0x00007ffc81c10000 - 0x00007ffc81c13000 	C:\Program Files\Java\jdk-10.0.1\bin\api-ms-win-core-handle-l1-1-0.dll
0x00007ffc81220000 - 0x00007ffc81223000 	C:\Program Files\Java\jdk-10.0.1\bin\api-ms-win-core-heap-l1-1-0.dll
0x00007ffc811c0000 - 0x00007ffc811c3000 	C:\Program Files\Java\jdk-10.0.1\bin\api-ms-win-core-interlocked-l1-1-0.dll
0x00007ffc811b0000 - 0x00007ffc811b3000 	C:\Program Files\Java\jdk-10.0.1\bin\api-ms-win-core-libraryloader-l1-1-0.dll
0x00007ffc811a0000 - 0x00007ffc811a3000 	C:\Program Files\Java\jdk-10.0.1\bin\api-ms-win-core-localization-l1-2-0.dll
0x00007ffc81190000 - 0x00007ffc81193000 	C:\Program Files\Java\jdk-10.0.1\bin\api-ms-win-core-memory-l1-1-0.dll
0x00007ffc81140000 - 0x00007ffc81143000 	C:\Program Files\Java\jdk-10.0.1\bin\api-ms-win-core-namedpipe-l1-1-0.dll
0x00007ffc81130000 - 0x00007ffc81133000 	C:\Program Files\Java\jdk-10.0.1\bin\api-ms-win-core-processenvironment-l1-1-0.dll
0x00007ffc81120000 - 0x00007ffc81123000 	C:\Program Files\Java\jdk-10.0.1\bin\api-ms-win-core-processthreads-l1-1-0.dll
0x00007ffc81110000 - 0x00007ffc81113000 	C:\Program Files\Java\jdk-10.0.1\bin\api-ms-win-core-processthreads-l1-1-1.dll
0x00007ffc81100000 - 0x00007ffc81103000 	C:\Program Files\Java\jdk-10.0.1\bin\api-ms-win-core-profile-l1-1-0.dll
0x00007ffc80c30000 - 0x00007ffc80c33000 	C:\Program Files\Java\jdk-10.0.1\bin\api-ms-win-core-rtlsupport-l1-1-0.dll
0x00007ffc80c00000 - 0x00007ffc80c03000 	C:\Program Files\Java\jdk-10.0.1\bin\api-ms-win-core-string-l1-1-0.dll
0x00007ffc80bf0000 - 0x00007ffc80bf3000 	C:\Program Files\Java\jdk-10.0.1\bin\api-ms-win-core-synch-l1-1-0.dll
0x00007ffc80be0000 - 0x00007ffc80be3000 	C:\Program Files\Java\jdk-10.0.1\bin\api-ms-win-core-synch-l1-2-0.dll
0x00007ffc80bd0000 - 0x00007ffc80bd3000 	C:\Program Files\Java\jdk-10.0.1\bin\api-ms-win-core-sysinfo-l1-1-0.dll
0x00007ffc80b90000 - 0x00007ffc80b93000 	C:\Program Files\Java\jdk-10.0.1\bin\api-ms-win-core-timezone-l1-1-0.dll
0x00007ffc80b80000 - 0x00007ffc80b83000 	C:\Program Files\Java\jdk-10.0.1\bin\api-ms-win-core-util-l1-1-0.dll
0x00007ffc80b70000 - 0x00007ffc80b73000 	C:\Program Files\Java\jdk-10.0.1\bin\api-ms-win-crt-conio-l1-1-0.dll
0x00007ffc80b60000 - 0x00007ffc80b64000 	C:\Program Files\Java\jdk-10.0.1\bin\api-ms-win-crt-convert-l1-1-0.dll
0x00007ffc80b50000 - 0x00007ffc80b53000 	C:\Program Files\Java\jdk-10.0.1\bin\api-ms-win-crt-environment-l1-1-0.dll
0x00007ffc80b40000 - 0x00007ffc80b43000 	C:\Program Files\Java\jdk-10.0.1\bin\api-ms-win-crt-filesystem-l1-1-0.dll
0x00007ffc80b30000 - 0x00007ffc80b33000 	C:\Program Files\Java\jdk-10.0.1\bin\api-ms-win-crt-heap-l1-1-0.dll
0x00007ffc80b20000 - 0x00007ffc80b23000 	C:\Program Files\Java\jdk-10.0.1\bin\api-ms-win-crt-locale-l1-1-0.dll
0x00007ffc80b10000 - 0x00007ffc80b15000 	C:\Program Files\Java\jdk-10.0.1\bin\api-ms-win-crt-math-l1-1-0.dll
0x00007ffc80ae0000 - 0x00007ffc80ae5000 	C:\Program Files\Java\jdk-10.0.1\bin\api-ms-win-crt-multibyte-l1-1-0.dll
0x00007ffc80ad0000 - 0x00007ffc80ae0000 	C:\Program Files\Java\jdk-10.0.1\bin\api-ms-win-crt-private-l1-1-0.dll
0x00007ffc80ac0000 - 0x00007ffc80ac3000 	C:\Program Files\Java\jdk-10.0.1\bin\api-ms-win-crt-process-l1-1-0.dll
0x00007ffc7eee0000 - 0x00007ffc7eee4000 	C:\Program Files\Java\jdk-10.0.1\bin\api-ms-win-crt-runtime-l1-1-0.dll
0x00007ffc7eed0000 - 0x00007ffc7eed4000 	C:\Program Files\Java\jdk-10.0.1\bin\api-ms-win-crt-stdio-l1-1-0.dll
0x00007ffc7eec0000 - 0x00007ffc7eec4000 	C:\Program Files\Java\jdk-10.0.1\bin\api-ms-win-crt-string-l1-1-0.dll
0x00007ffc7eeb0000 - 0x00007ffc7eeb3000 	C:\Program Files\Java\jdk-10.0.1\bin\api-ms-win-crt-time-l1-1-0.dll
0x00007ffc7eea0000 - 0x00007ffc7eea3000 	C:\Program Files\Java\jdk-10.0.1\bin\api-ms-win-crt-utility-l1-1-0.dll
0x00007ffc7de00000 - 0x00007ffc7def6000 	C:\Program Files\Java\jdk-10.0.1\bin\ucrtbase.dll
0x00007ffc7ee20000 - 0x00007ffc7ee36000 	C:\Program Files\Java\jdk-10.0.1\bin\vcruntime140.dll
0x00007ffc7d8c0000 - 0x00007ffc7d95c000 	C:\Program Files\Java\jdk-10.0.1\bin\msvcp140.dll
0x00007ffc7dda0000 - 0x00007ffc7ddf1000 	C:\Program Files\Java\jdk-10.0.1\bin\concrt140.dll
0x00007ffc7dd10000 - 0x00007ffc7dd33000 	C:\Program Files\Java\jdk-10.0.1\bin\prism_d3d.dll
0x00007ffc8ffb0000 - 0x00007ffc901d1000 	C:\Windows\system32\d3d9.dll
0x00007ffc998f0000 - 0x00007ffc99911000 	C:\Windows\SYSTEM32\dwmapi.dll
0x00007ffc99f30000 - 0x00007ffc9a059000 	C:\Windows\system32\uxtheme.dll
0x00007ffc7bf40000 - 0x00007ffc7c9ae000 	C:\Windows\SYSTEM32\igdumdim64.dll
0x00007ffc97b20000 - 0x00007ffc97f7f000 	C:\Windows\SYSTEM32\igdusc64.dll
0x00007ffc7d870000 - 0x00007ffc7d8ba000 	C:\Program Files\Java\jdk-10.0.1\bin\glass.dll
0x00007ffc9dc10000 - 0x00007ffc9dcc6000 	C:\Windows\system32\COMDLG32.dll
0x00007ffc9bbd0000 - 0x00007ffc9bd64000 	C:\Windows\system32\ole32.dll
0x00007ffc9bac0000 - 0x00007ffc9bb86000 	C:\Windows\system32\OLEAUT32.dll
0x00007ffc9a100000 - 0x00007ffc9a10b000 	C:\Windows\SYSTEM32\kernel.appcore.dll
0x00007ffc9b170000 - 0x00007ffc9b17b000 	C:\Windows\SYSTEM32\CRYPTBASE.dll
0x00007ffc9b100000 - 0x00007ffc9b163000 	C:\Windows\SYSTEM32\bcryptPrimitives.dll
0x0000000180000000 - 0x0000000180025000 	C:\Program Files\Java\jre-10.0.1\bin\rxtxSerial.dll
0x00007ffc7dd80000 - 0x00007ffc7dd94000 	C:\Program Files\Java\jdk-10.0.1\bin\javafx_font.dll
0x00007ffc7d0f0000 - 0x00007ffc7d28b000 	C:\Program Files\Java\jdk-10.0.1\bin\awt.dll
0x00007ffc96a90000 - 0x00007ffc96f11000 	C:\Windows\SYSTEM32\d2d1.dll
0x00007ffc99e60000 - 0x00007ffc99eee000 	C:\Windows\system32\apphelp.dll

dbghelp: loaded successfully - version: 4.0.5 - missing functions: none
symbol engine: initialized successfully - sym options: 0x614 - pdb path: .;C:\Program Files\Java\jdk-10.0.1\bin;C:\Windows\SYSTEM32;C:\Program Files (x86)\AVG\Antivirus\x64;C:\Windows\WinSxS\amd64_microsoft.windows.common-controls_6595b64144ccf1df_6.0.9600.18006_none_623f33d3ecbe86e8;C:\Program Files\Java\jdk-10.0.1\bin\server;C:\Program Files\JetBrains\IntelliJ IDEA Community Edition 2018.1.4\bin;C:\Program Files\Java\jre-10.0.1\bin

VM Arguments:
jvm_args: -javaagent:C:\Program Files\JetBrains\IntelliJ IDEA Community Edition 2018.1.4\lib\idea_rt.jar=56505:C:\Program Files\JetBrains\IntelliJ IDEA Community Edition 2018.1.4\bin -Dfile.encoding=UTF-8 
java_command: Monitoreo
java_class_path (initial): C:\Users\Osvaldo\Documents\Monitoreo\out\production\Monitoreo;C:\Program Files\Java\jre-10.0.1\lib\RXTXcomm.jar
Launcher Type: SUN_STANDARD

Logging:
Log output configuration:
#0: stdout all=warning uptime,level,tags
#1: stderr all=off uptime,level,tags

Environment Variables:
PATH=C:\Program Files (x86)\Common Files\Oracle\Java\javapath;C:\ProgramData\Oracle\Java\javapath;C:\MinGW\bin\;C:\Tcl\bin;C:\Program Files (x86)\Skype\Phone\;C:\xampp\php;C:\composer;C:\Program Files\PuTTY\;C:\Python27;C:\Program Files\Git\cmd;C:\Program Files (x86)\Common Files\Oracle\Java\javapath;C:\ProgramData\Oracle\Java\javapath;C:\MinGW\bin\;C:\Tcl\bin;C:\Program Files (x86)\Skype\Phone\;C:\xampp\php;C:\composer;C:\Program Files\PuTTY\;C:\Python27;C:\Program Files\Git\cmd;C:\Users\Osvaldo\AppData\Roaming\Composer\vendor\bin;C:\Program Files\Java\jre-10.0.1\bin;C:\Program Files\Java\jdk-10.0.1\bin
USERNAME=Carolina
OS=Windows_NT
PROCESSOR_IDENTIFIER=Intel64 Family 6 Model 58 Stepping 9, GenuineIntel



---------------  S Y S T E M  ---------------

OS: Windows 8.1 , 64 bit Build 9600 (6.3.9600.17415)

CPU:total 4 (initial active 4) (2 cores per cpu, 2 threads per core) family 6 model 58 stepping 9, cmov, cx8, fxsr, mmx, sse, sse2, sse3, ssse3, sse4.1, sse4.2, popcnt, avx, clmul, erms, ht, tsc, tscinvbit, tscinv

Memory: 4k page, physical 4026524k(850252k free), swap 7603308k(2454288k free)

vm_info: Java HotSpot(TM) 64-Bit Server VM (10.0.1+10) for windows-amd64 JRE (10.0.1+10), built on Mar 27 2018 02:27:48 by "mach5one" with MS VC++ 12.0 (VS2013)

END.
